-------------------------------------------------------------------------------
Test set: assignment1.TestAssignment1
-------------------------------------------------------------------------------
Tests run: 93, Failures: 10, Errors: 0, Skipped: 0, Time elapsed: 0.066 s <<< FAILURE! - in assignment1.TestAssignment1
assignment1.TestAssignment1.testLessHornetsThanPowerSniperBee  Time elapsed: 0.001 s  <<< FAILURE!
org.opentest4j.AssertionFailedError: Test failed with an exception: org.opentest4j.AssertionFailedError: hornet's health did not get damaged correctly by sniper bee ==> expected: <3> but was: <1>
	at assignment1.TestAssignment1.testLessHornetsThanPowerSniperBee(TestAssignment1.java:2249)

assignment1.TestAssignment1.testNoNonemptySwarmSniperBee  Time elapsed: 0.001 s  <<< FAILURE!
org.opentest4j.AssertionFailedError: Test failed with an exception: java.lang.NullPointerException: Cannot invoke "assignment1.Tile.isNest()" because "hornetCheck" is null
	at assignment1.TestAssignment1.testNoNonemptySwarmSniperBee(TestAssignment1.java:2194)

assignment1.TestAssignment1.testPromoteHornetQueen  Time elapsed: 0.001 s  <<< FAILURE!
org.opentest4j.AssertionFailedError: Test failed with an exception: org.opentest4j.AssertionFailedError: there should only be one queen hornet ==> expected: <0> but was: <1>
	at assignment1.TestAssignment1.testPromoteHornetQueen(TestAssignment1.java:2607)

assignment1.TestAssignment1.testMoreHornetsThanPowerSniperBee  Time elapsed: 0.001 s  <<< FAILURE!
org.opentest4j.AssertionFailedError: Test failed with an exception: java.lang.NullPointerException: Cannot invoke "assignment1.Tile.isNest()" because "hornetCheck" is null
	at assignment1.TestAssignment1.testMoreHornetsThanPowerSniperBee(TestAssignment1.java:2317)

assignment1.TestAssignment1.testCreatePathSpecialCase_wrong  Time elapsed: 0 s  <<< FAILURE!
org.opentest4j.AssertionFailedError: Test failed with an exception: org.opentest4j.AssertionFailedError: Expected java.lang.IllegalArgumentException to be thrown, but nothing was thrown.
	at assignment1.TestAssignment1.testCreatePathSpecialCase_wrong(TestAssignment1.java:3536)

assignment1.TestAssignment1.testRemoveHornetFromSwarm1  Time elapsed: 0.001 s  <<< FAILURE!
org.opentest4j.AssertionFailedError: Test failed with an exception: org.opentest4j.AssertionFailedError: expected: <1> but was: <2>
	at assignment1.TestAssignment1.testRemoveHornetFromSwarm1(TestAssignment1.java:2980)

assignment1.TestAssignment1.testRemoveHornetFromSwarm2  Time elapsed: 0 s  <<< FAILURE!
org.opentest4j.AssertionFailedError: Test failed with an exception: org.opentest4j.AssertionFailedError: expected: <2> but was: <3>
	at assignment1.TestAssignment1.testRemoveHornetFromSwarm2(TestAssignment1.java:3026)

assignment1.TestAssignment1.testRemoveHornetFromSwarm3  Time elapsed: 0.001 s  <<< FAILURE!
org.opentest4j.AssertionFailedError: Test failed with an exception: org.opentest4j.AssertionFailedError: expected: <1> but was: <2>
	at assignment1.TestAssignment1.testRemoveHornetFromSwarm3(TestAssignment1.java:3071)

assignment1.TestAssignment1.testAlternateTakeActionSniperBee  Time elapsed: 0 s  <<< FAILURE!
org.opentest4j.AssertionFailedError: Test failed with an exception: java.lang.NullPointerException: Cannot invoke "assignment1.Tile.isNest()" because "hornetCheck" is null
	at assignment1.TestAssignment1.testAlternateTakeActionSniperBee(TestAssignment1.java:2378)

assignment1.TestAssignment1.testAddInsect_removeInsect_unsuccess_hornet  Time elapsed: 0.001 s  <<< FAILURE!
org.opentest4j.AssertionFailedError: Test failed with an exception: org.opentest4j.AssertionFailedError: expected: <false> but was: <true>
	at assignment1.TestAssignment1.testAddInsect_removeInsect_unsuccess_hornet(TestAssignment1.java:4000)

